<?xml version="1.0" encoding="UTF-8"?>
<testsuite name="Pruebas a pantalla de logueo" tests="1" skipped="0" failures="0" errors="0" timestamp="2020-07-08T16:33:56" hostname="DESKTOP-O1OBI75" time="13.801">
  <properties/>
  <testcase name="Logueo exitoso" classname="Pruebas a pantalla de logueo" time="13.801"/>
  <system-out><![CDATA[]]></system-out>
  <system-err><![CDATA[Starting ChromeDriver 83.0.4103.14 (be04594a2b8411758b860104bc0a1033417178be-refs/branch-heads/4103@{#119}) on port 42524
Only local connections are allowed.
Please see https://chromedriver.chromium.org/security-considerations for suggestions on keeping ChromeDriver safe.
ChromeDriver was started successfully.
jul 08, 2020 11:34:01 AM org.openqa.selenium.remote.ProtocolHandshake createSession
INFORMACIÓN: Detected dialect: W3C
]]></system-err>
</testsuite>
