<?xml version="1.0" encoding="UTF-8"?>
<testsuite name="runners.logueoRunner" tests="0" skipped="0" failures="0" errors="0" timestamp="1970-01-01T00:00:00" hostname="DESKTOP-O1OBI75" time="0.0">
  <properties/>
  <system-out><![CDATA[XXX Created runtime cucumber.runtime.RuntimeOptions@74bfad1b

?[31mFailed scenarios:?[0m
?[31msrc/test/resources/logueo.feature:6 ?[0m# Logueo exitoso

1 Scenarios (?[31m1 failed?[0m)
6 Steps (?[31m1 failed?[0m, ?[36m5 skipped?[0m)
0m25,359s

java.lang.NullPointerException
	at steps.logueoSteps.consulta(logueoSteps.java:47)
	at steps.logueoSteps$$EnhancerByCGLIB$$19d3903b.CGLIB$consulta$0(<generated>)
	at steps.logueoSteps$$EnhancerByCGLIB$$19d3903b$$FastClassByCGLIB$$d6ca69fe.invoke(<generated>)
	at net.sf.cglib.proxy.MethodProxy.invokeSuper(MethodProxy.java:228)
	at net.thucydides.core.steps.StepInterceptor.invokeMethod(StepInterceptor.java:425)
	at net.thucydides.core.steps.StepInterceptor.executeTestStepMethod(StepInterceptor.java:410)
	at net.thucydides.core.steps.StepInterceptor.runTestStep(StepInterceptor.java:385)
	at net.thucydides.core.steps.StepInterceptor.testStepResult(StepInterceptor.java:133)
	at net.thucydides.core.steps.StepInterceptor.intercept(StepInterceptor.java:62)
	at steps.logueoSteps$$EnhancerByCGLIB$$19d3903b.consulta(<generated>)
	at definitions.logueoDefinition.estoy_en_pagina_de_logueo_adminfo(logueoDefinition.java:21)
	at ✽.Estoy en pagina de logueo adminfo(src/test/resources/logueo.feature:7)

]]></system-out>
  <system-err><![CDATA[SLF4J: Failed to load class "org.slf4j.impl.StaticLoggerBinder".
SLF4J: Defaulting to no-operation (NOP) logger implementation
SLF4J: See http://www.slf4j.org/codes.html#StaticLoggerBinder for further details.
]]></system-err>
</testsuite>
